MonitorPlatform007/DataSetupApp/build/outputs/logs/manifest-merger-debug-report.txt
-- Merging decision tree log ---
manifest
ADDED from src/main/AndroidManifest.xml:2:1-98:12
	package
		ADDED from src/main/AndroidManifest.xml:4:5-37
		INJECTED from src/main/AndroidManifest.xml
		INJECTED from src/main/AndroidManifest.xml
	android:versionName
		INJECTED from src/main/AndroidManifest.xml
		INJECTED from src/main/AndroidManifest.xml
	xmlns:tools
		ADDED from src/main/AndroidManifest.xml:3:5-51
	xmlns:android
		ADDED from src/main/AndroidManifest.xml:2:11-69
	android:versionCode
		INJECTED from src/main/AndroidManifest.xml
		INJECTED from src/main/AndroidManifest.xml
permission#com.boha.platform.worker.setup.gcm.permission.C2D_MESSAGE
ADDED from src/main/AndroidManifest.xml:9:5-11:47
	android:protectionLevel
		ADDED from src/main/AndroidManifest.xml:11:9-44
	android:name
		ADDED from src/main/AndroidManifest.xml:10:9-81
uses-permission#com.boha.platform.monitor.setup.gcm.permission.C2D_MESSAGE
ADDED from src/main/AndroidManifest.xml:13:5-98
	android:name
		ADDED from src/main/AndroidManifest.xml:13:22-95
uses-permission#com.google.android.c2dm.permission.RECEIVE
ADDED from src/main/AndroidManifest.xml:14:5-82
MERGED from [com.google.android.gms:play-services-gcm:8.4.0] AndroidManifest.xml:21:5-82
	android:name
		ADDED from src/main/AndroidManifest.xml:14:22-79
uses-permission#android.permission.WAKE_LOCK
ADDED from src/main/AndroidManifest.xml:15:5-68
MERGED from [com.google.android.gms:play-services-measurement:8.4.0] AndroidManifest.xml:24:5-67
	android:name
		ADDED from src/main/AndroidManifest.xml:15:22-65
application
ADDED from src/main/AndroidManifest.xml:17:5-96:19
MERGED from [com.android.support:appcompat-v7:23.2.0] AndroidManifest.xml:25:5-20
MERGED from [com.android.support:support-v4:23.2.0] AndroidManifest.xml:22:5-20
MERGED from [com.android.support:animated-vector-drawable:23.2.0] AndroidManifest.xml:7:5-20
MERGED from [com.android.support:support-vector-drawable:23.2.0] AndroidManifest.xml:7:5-20
MERGED from [com.android.support:support-v4:23.2.0] AndroidManifest.xml:22:5-20
MERGED from [com.android.support:support-vector-drawable:23.2.0] AndroidManifest.xml:7:5-20
MERGED from [com.android.support:support-v4:23.2.0] AndroidManifest.xml:22:5-20
MERGED from [MonitorPlatform007:PlatformLibrary:unspecified] AndroidManifest.xml:13:5-91:19
MERGED from [com.android.support:appcompat-v7:23.2.0] AndroidManifest.xml:25:5-20
MERGED from [com.android.support:support-v4:23.2.0] AndroidManifest.xml:22:5-20
MERGED from [com.android.support:animated-vector-drawable:23.2.0] AndroidManifest.xml:7:5-20
MERGED from [com.android.support:support-vector-drawable:23.2.0] AndroidManifest.xml:7:5-20
MERGED from [com.android.support:support-v4:23.2.0] AndroidManifest.xml:22:5-20
MERGED from [com.android.support:support-vector-drawable:23.2.0] AndroidManifest.xml:7:5-20
MERGED from [com.android.support:support-v4:23.2.0] AndroidManifest.xml:22:5-20
MERGED from [com.android.support:cardview-v7:23.2.0] AndroidManifest.xml:22:5-20
MERGED from [com.android.support:support-v13:23.2.0] AndroidManifest.xml:22:5-20
MERGED from [com.android.support:support-v4:23.2.0] AndroidManifest.xml:22:5-20
MERGED from [com.android.support:support-v4:23.2.0] AndroidManifest.xml:22:5-20
MERGED from [com.android.support:design:23.2.0] AndroidManifest.xml:22:5-20
MERGED from [com.android.support:support-v4:23.2.0] AndroidManifest.xml:22:5-20
MERGED from [com.android.support:appcompat-v7:23.2.0] AndroidManifest.xml:25:5-20
MERGED from [com.android.support:support-v4:23.2.0] AndroidManifest.xml:22:5-20
MERGED from [com.android.support:animated-vector-drawable:23.2.0] AndroidManifest.xml:7:5-20
MERGED from [com.android.support:support-vector-drawable:23.2.0] AndroidManifest.xml:7:5-20
MERGED from [com.android.support:support-v4:23.2.0] AndroidManifest.xml:22:5-20
MERGED from [com.android.support:support-vector-drawable:23.2.0] AndroidManifest.xml:7:5-20
MERGED from [com.android.support:support-v4:23.2.0] AndroidManifest.xml:22:5-20
MERGED from [com.android.support:support-v4:23.2.0] AndroidManifest.xml:22:5-20
MERGED from [com.android.support:support-v4:23.2.0] AndroidManifest.xml:22:5-20
MERGED from [com.google.android.gms:play-services-basement:8.4.0] AndroidManifest.xml:20:5-24:19
MERGED from [com.android.support:support-v4:23.2.0] AndroidManifest.xml:22:5-20
MERGED from [com.google.android.gms:play-services-analytics:8.4.0] AndroidManifest.xml:24:5-20
MERGED from [com.google.android.gms:play-services-basement:8.4.0] AndroidManifest.xml:20:5-24:19
MERGED from [com.android.support:support-v4:23.2.0] AndroidManifest.xml:22:5-20
MERGED from [com.google.android.gms:play-services-gcm:8.4.0] AndroidManifest.xml:24:5-20
MERGED from [com.google.android.gms:play-services-basement:8.4.0] AndroidManifest.xml:20:5-24:19
MERGED from [com.android.support:support-v4:23.2.0] AndroidManifest.xml:22:5-20
MERGED from [com.google.android.gms:play-services-measurement:8.4.0] AndroidManifest.xml:26:5-46:19
MERGED from [com.google.android.gms:play-services-basement:8.4.0] AndroidManifest.xml:20:5-24:19
MERGED from [com.android.support:support-v4:23.2.0] AndroidManifest.xml:22:5-20
MERGED from [com.google.android.gms:play-services-location:8.4.0] AndroidManifest.xml:19:5-20
MERGED from [com.google.android.gms:play-services-basement:8.4.0] AndroidManifest.xml:20:5-24:19
MERGED from [com.android.support:support-v4:23.2.0] AndroidManifest.xml:22:5-20
MERGED from [com.google.android.gms:play-services-maps:8.4.0] AndroidManifest.xml:27:5-20
MERGED from [com.google.android.gms:play-services-basement:8.4.0] AndroidManifest.xml:20:5-24:19
MERGED from [com.android.support:support-v4:23.2.0] AndroidManifest.xml:22:5-20
MERGED from [com.google.android.gms:play-services-maps:8.4.0] AndroidManifest.xml:27:5-20
MERGED from [com.google.android.gms:play-services-basement:8.4.0] AndroidManifest.xml:20:5-24:19
MERGED from [com.android.support:support-v4:23.2.0] AndroidManifest.xml:22:5-20
MERGED from [com.google.android.gms:play-services-nearby:8.4.0] AndroidManifest.xml:20:5-20
MERGED from [com.google.android.gms:play-services-basement:8.4.0] AndroidManifest.xml:20:5-24:19
MERGED from [com.android.support:support-v4:23.2.0] AndroidManifest.xml:22:5-20
MERGED from [com.github.dmytrodanylyk.shadow-layout:library:1.0.1] AndroidManifest.xml:12:5-20
MERGED from [de.hdodenhof:circleimageview:2.0.0] AndroidManifest.xml:9:5-20
MERGED from [com.android.support:support-v4:23.2.0] AndroidManifest.xml:22:5-20
MERGED from [com.sothree.slidinguppanel:library:3.2.1] AndroidManifest.xml:9:5-20
MERGED from [com.android.support:support-v4:23.2.0] AndroidManifest.xml:22:5-20
MERGED from [com.android.support:support-v4:23.2.0] AndroidManifest.xml:22:5-20
MERGED from [com.snappydb:snappydb-lib:0.4.0] AndroidManifest.xml:11:5-20
MERGED from [com.jakewharton.hugo:hugo-runtime:1.2.1] AndroidManifest.xml:9:5-20
	android:label
		ADDED from src/main/AndroidManifest.xml:21:9-41
	android:allowBackup
		ADDED from src/main/AndroidManifest.xml:19:9-35
	android:icon
		ADDED from src/main/AndroidManifest.xml:20:9-41
	android:theme
		ADDED from src/main/AndroidManifest.xml:22:9-40
	tools:replace
		ADDED from src/main/AndroidManifest.xml:23:9-30
	android:name
		ADDED from src/main/AndroidManifest.xml:18:9-66
meta-data#com.google.android.maps.v2.API_KEY
ADDED from src/main/AndroidManifest.xml:25:9-27:71
	android:value
		ADDED from src/main/AndroidManifest.xml:27:13-68
	android:name
		ADDED from src/main/AndroidManifest.xml:26:13-62
meta-data#com.google.android.gms.version
ADDED from src/main/AndroidManifest.xml:28:9-30:69
MERGED from [com.google.android.gms:play-services-basement:8.4.0] AndroidManifest.xml:21:9-23:69
MERGED from [com.google.android.gms:play-services-basement:8.4.0] AndroidManifest.xml:21:9-23:69
MERGED from [com.google.android.gms:play-services-basement:8.4.0] AndroidManifest.xml:21:9-23:69
MERGED from [com.google.android.gms:play-services-basement:8.4.0] AndroidManifest.xml:21:9-23:69
MERGED from [com.google.android.gms:play-services-basement:8.4.0] AndroidManifest.xml:21:9-23:69
MERGED from [com.google.android.gms:play-services-basement:8.4.0] AndroidManifest.xml:21:9-23:69
MERGED from [com.google.android.gms:play-services-basement:8.4.0] AndroidManifest.xml:21:9-23:69
MERGED from [com.google.android.gms:play-services-basement:8.4.0] AndroidManifest.xml:21:9-23:69
	android:value
		ADDED from src/main/AndroidManifest.xml:30:13-66
	android:name
		ADDED from src/main/AndroidManifest.xml:29:13-58
service#com.boha.monitor.library.services.RegistrationIntentService
ADDED from src/main/AndroidManifest.xml:32:9-95
	android:name
		ADDED from src/main/AndroidManifest.xml:32:18-92
receiver#com.google.android.gms.gcm.GcmReceiver
ADDED from src/main/AndroidManifest.xml:34:9-42:20
	android:permission
		ADDED from src/main/AndroidManifest.xml:36:13-73
	android:name
		ADDED from src/main/AndroidManifest.xml:35:13-66
intent-filter#com.boha.platform.monitor+com.google.android.c2dm.intent.RECEIVE+com.google.android.c2dm.intent.REGISTRATION
ADDED from src/main/AndroidManifest.xml:37:13-41:29
action#com.google.android.c2dm.intent.RECEIVE
ADDED from src/main/AndroidManifest.xml:38:17-81
	android:name
		ADDED from src/main/AndroidManifest.xml:38:25-78
action#com.google.android.c2dm.intent.REGISTRATION
ADDED from src/main/AndroidManifest.xml:39:17-86
	android:name
		ADDED from src/main/AndroidManifest.xml:39:25-83
category#com.boha.platform.monitor
ADDED from src/main/AndroidManifest.xml:40:17-70
	android:name
		ADDED from src/main/AndroidManifest.xml:40:27-67
service#com.boha.monitor.setup.services.DataSetupGCMListenerService
ADDED from src/main/AndroidManifest.xml:43:9-49:19
	android:exported
		ADDED from src/main/AndroidManifest.xml:45:13-37
	android:name
		ADDED from src/main/AndroidManifest.xml:44:13-65
intent-filter#com.google.android.c2dm.intent.RECEIVE
ADDED from src/main/AndroidManifest.xml:46:13-48:29
service#com.boha.monitor.library.services.MonInstanceIDListenerService
ADDED from src/main/AndroidManifest.xml:50:9-56:19
	android:exported
		ADDED from src/main/AndroidManifest.xml:52:13-37
	android:name
		ADDED from src/main/AndroidManifest.xml:51:13-90
intent-filter#com.google.android.gms.iid.InstanceID
ADDED from src/main/AndroidManifest.xml:53:13-55:29
action#com.google.android.gms.iid.InstanceID
ADDED from src/main/AndroidManifest.xml:54:17-79
	android:name
		ADDED from src/main/AndroidManifest.xml:54:25-77
activity#com.boha.monitor.setup.activities.FileImportActivity
ADDED from src/main/AndroidManifest.xml:57:9-61:20
	android:label
		ADDED from src/main/AndroidManifest.xml:59:13-45
	android:parentActivityName
		ADDED from src/main/AndroidManifest.xml:60:13-73
	android:name
		ADDED from src/main/AndroidManifest.xml:58:13-58
activity#com.boha.monitor.setup.activities.MainPagerActivity
ADDED from src/main/AndroidManifest.xml:62:9-65:20
	android:label
		ADDED from src/main/AndroidManifest.xml:64:13-63
	android:name
		ADDED from src/main/AndroidManifest.xml:63:13-57
activity#com.boha.monitor.setup.activities.TaskTypeListActivity
ADDED from src/main/AndroidManifest.xml:66:9-70:20
	android:label
		ADDED from src/main/AndroidManifest.xml:68:13-66
	android:parentActivityName
		ADDED from src/main/AndroidManifest.xml:69:13-73
	android:name
		ADDED from src/main/AndroidManifest.xml:67:13-60
activity#com.boha.monitor.setup.activities.TaskListActivity
ADDED from src/main/AndroidManifest.xml:71:9-74:20
	android:label
		ADDED from src/main/AndroidManifest.xml:73:13-56
	android:name
		ADDED from src/main/AndroidManifest.xml:72:13-56
activity#com.boha.monitor.setup.activities.ProgrammeListActivity
ADDED from src/main/AndroidManifest.xml:75:9-77:78
	android:parentActivityName
		ADDED from src/main/AndroidManifest.xml:77:13-75
	android:name
		ADDED from src/main/AndroidManifest.xml:76:13-61
activity#com.boha.monitor.setup.activities.SignInActivity
ADDED from src/main/AndroidManifest.xml:78:9-84:20
	android:name
		ADDED from src/main/AndroidManifest.xml:78:19-60
intent-filter#android.intent.action.MAIN+android.intent.category.LAUNCHER
ADDED from src/main/AndroidManifest.xml:79:13-83:29
action#android.intent.action.MAIN
ADDED from src/main/AndroidManifest.xml:80:17-69
	android:name
		ADDED from src/main/AndroidManifest.xml:80:25-66
category#android.intent.category.LAUNCHER
ADDED from src/main/AndroidManifest.xml:82:17-77
	android:name
		ADDED from src/main/AndroidManifest.xml:82:27-74
activity#com.boha.monitor.setup.activities.ProjectDataListActivity
ADDED from src/main/AndroidManifest.xml:85:9-87:78
	android:parentActivityName
		ADDED from src/main/AndroidManifest.xml:87:13-75
	android:name
		ADDED from src/main/AndroidManifest.xml:86:13-63
activity#com.boha.monitor.setup.activities.CompanyDrawerActivity
ADDED from src/main/AndroidManifest.xml:88:9-91:20
	android:label
		ADDED from src/main/AndroidManifest.xml:90:13-63
	android:name
		ADDED from src/main/AndroidManifest.xml:89:13-61
activity#com.boha.monitor.setup.activities.ProjectAssignmentActivity
ADDED from src/main/AndroidManifest.xml:92:9-95:20
	android:label
		ADDED from src/main/AndroidManifest.xml:94:13-70
	android:name
		ADDED from src/main/AndroidManifest.xml:93:13-65
uses-sdk
INJECTED from src/main/AndroidManifest.xml reason: use-sdk injection requested
MERGED from [com.android.support:multidex:1.0.1] AndroidManifest.xml:18:5-42
MERGED from [com.android.support:appcompat-v7:23.2.0] AndroidManifest.xml:21:5-23:78
MERGED from [com.android.support:support-v4:23.2.0] AndroidManifest.xml:20:5-43
MERGED from [com.android.support:animated-vector-drawable:23.2.0] AndroidManifest.xml:5:5-44
MERGED from [com.android.support:support-vector-drawable:23.2.0] AndroidManifest.xml:5:5-43
MERGED from [com.android.support:support-v4:23.2.0] AndroidManifest.xml:20:5-43
MERGED from [com.android.support:support-vector-drawable:23.2.0] AndroidManifest.xml:5:5-43
MERGED from [com.android.support:support-v4:23.2.0] AndroidManifest.xml:20:5-43
MERGED from [MonitorPlatform007:PlatformLibrary:unspecified] AndroidManifest.xml:7:5-9:41
MERGED from [com.android.support:multidex:1.0.1] AndroidManifest.xml:18:5-42
MERGED from [com.android.support:appcompat-v7:23.2.0] AndroidManifest.xml:21:5-23:78
MERGED from [com.android.support:support-v4:23.2.0] AndroidManifest.xml:20:5-43
MERGED from [com.android.support:animated-vector-drawable:23.2.0] AndroidManifest.xml:5:5-44
MERGED from [com.android.support:support-vector-drawable:23.2.0] AndroidManifest.xml:5:5-43
MERGED from [com.android.support:support-v4:23.2.0] AndroidManifest.xml:20:5-43
MERGED from [com.android.support:support-vector-drawable:23.2.0] AndroidManifest.xml:5:5-43
MERGED from [com.android.support:support-v4:23.2.0] AndroidManifest.xml:20:5-43
MERGED from [com.android.support:cardview-v7:23.2.0] AndroidManifest.xml:20:5-43
MERGED from [com.android.support:support-v13:23.2.0] AndroidManifest.xml:20:5-44
MERGED from [com.android.support:support-v4:23.2.0] AndroidManifest.xml:20:5-43
MERGED from [com.android.support:recyclerview-v7:23.2.0] AndroidManifest.xml:20:5-43
MERGED from [com.android.support:support-v4:23.2.0] AndroidManifest.xml:20:5-43
MERGED from [com.android.support:design:23.2.0] AndroidManifest.xml:20:5-43
MERGED from [com.android.support:recyclerview-v7:23.2.0] AndroidManifest.xml:20:5-43
MERGED from [com.android.support:support-v4:23.2.0] AndroidManifest.xml:20:5-43
MERGED from [com.android.support:appcompat-v7:23.2.0] AndroidManifest.xml:21:5-23:78
MERGED from [com.android.support:support-v4:23.2.0] AndroidManifest.xml:20:5-43
MERGED from [com.android.support:animated-vector-drawable:23.2.0] AndroidManifest.xml:5:5-44
MERGED from [com.android.support:support-vector-drawable:23.2.0] AndroidManifest.xml:5:5-43
MERGED from [com.android.support:support-v4:23.2.0] AndroidManifest.xml:20:5-43
MERGED from [com.android.support:support-vector-drawable:23.2.0] AndroidManifest.xml:5:5-43
MERGED from [com.android.support:support-v4:23.2.0] AndroidManifest.xml:20:5-43
MERGED from [com.android.support:support-v4:23.2.0] AndroidManifest.xml:20:5-43
MERGED from [com.android.support:support-v4:23.2.0] AndroidManifest.xml:20:5-43
MERGED from [com.google.android.gms:play-services-base:8.4.0] AndroidManifest.xml:18:5-42
MERGED from [com.google.android.gms:play-services-basement:8.4.0] AndroidManifest.xml:18:5-42
MERGED from [com.android.support:support-v4:23.2.0] AndroidManifest.xml:20:5-43
MERGED from [com.google.android.gms:play-services-analytics:8.4.0] AndroidManifest.xml:18:5-42
MERGED from [com.google.android.gms:play-services-basement:8.4.0] AndroidManifest.xml:18:5-42
MERGED from [com.android.support:support-v4:23.2.0] AndroidManifest.xml:20:5-43
MERGED from [com.google.android.gms:play-services-gcm:8.4.0] AndroidManifest.xml:18:5-42
MERGED from [com.google.android.gms:play-services-base:8.4.0] AndroidManifest.xml:18:5-42
MERGED from [com.google.android.gms:play-services-basement:8.4.0] AndroidManifest.xml:18:5-42
MERGED from [com.android.support:support-v4:23.2.0] AndroidManifest.xml:20:5-43
MERGED from [com.google.android.gms:play-services-measurement:8.4.0] AndroidManifest.xml:18:5-42
MERGED from [com.google.android.gms:play-services-basement:8.4.0] AndroidManifest.xml:18:5-42
MERGED from [com.android.support:support-v4:23.2.0] AndroidManifest.xml:20:5-43
MERGED from [com.google.android.gms:play-services-location:8.4.0] AndroidManifest.xml:18:5-42
MERGED from [com.google.android.gms:play-services-base:8.4.0] AndroidManifest.xml:18:5-42
MERGED from [com.google.android.gms:play-services-basement:8.4.0] AndroidManifest.xml:18:5-42
MERGED from [com.android.support:support-v4:23.2.0] AndroidManifest.xml:20:5-43
MERGED from [com.google.android.gms:play-services-maps:8.4.0] AndroidManifest.xml:26:5-42
MERGED from [com.google.android.gms:play-services-base:8.4.0] AndroidManifest.xml:18:5-42
MERGED from [com.google.android.gms:play-services-basement:8.4.0] AndroidManifest.xml:18:5-42
MERGED from [com.android.support:support-v4:23.2.0] AndroidManifest.xml:20:5-43
MERGED from [com.google.android.gms:play-services-maps:8.4.0] AndroidManifest.xml:26:5-42
MERGED from [com.google.android.gms:play-services-base:8.4.0] AndroidManifest.xml:18:5-42
MERGED from [com.google.android.gms:play-services-basement:8.4.0] AndroidManifest.xml:18:5-42
MERGED from [com.android.support:support-v4:23.2.0] AndroidManifest.xml:20:5-43
MERGED from [com.google.android.gms:play-services-nearby:8.4.0] AndroidManifest.xml:18:5-42
MERGED from [com.google.android.gms:play-services-base:8.4.0] AndroidManifest.xml:18:5-42
MERGED from [com.google.android.gms:play-services-basement:8.4.0] AndroidManifest.xml:18:5-42
MERGED from [com.android.support:support-v4:23.2.0] AndroidManifest.xml:20:5-43
MERGED from [com.github.dmytrodanylyk.shadow-layout:library:1.0.1] AndroidManifest.xml:8:5-10:41
MERGED from [de.hdodenhof:circleimageview:2.0.0] AndroidManifest.xml:5:5-7:41
MERGED from [ch.acra:acra:4.7.0] AndroidManifest.xml:37:5-72
MERGED from [com.android.support:support-v4:23.2.0] AndroidManifest.xml:20:5-43
MERGED from [com.yqritc:recyclerview-flexibledivider:1.2.4] AndroidManifest.xml:8:5-10:41
MERGED from [jp.wasabeef:recyclerview-animators:1.2.2] AndroidManifest.xml:8:5-10:41
MERGED from [com.sothree.slidinguppanel:library:3.2.1] AndroidManifest.xml:7:5-43
MERGED from [com.android.support:support-v4:23.2.0] AndroidManifest.xml:20:5-43
MERGED from [com.android.support:recyclerview-v7:23.2.0] AndroidManifest.xml:20:5-43
MERGED from [com.android.support:support-v4:23.2.0] AndroidManifest.xml:20:5-43
MERGED from [com.snappydb:snappydb-lib:0.4.0] AndroidManifest.xml:7:5-9:41
MERGED from [com.jakewharton.hugo:hugo-runtime:1.2.1] AndroidManifest.xml:7:5-43
	tools:overrideLibrary
		ADDED from [com.android.support:appcompat-v7:23.2.0] AndroidManifest.xml:23:9-75
	android:targetSdkVersion
		INJECTED from src/main/AndroidManifest.xml
		INJECTED from src/main/AndroidManifest.xml
	android:minSdkVersion
		INJECTED from src/main/AndroidManifest.xml
		INJECTED from src/main/AndroidManifest.xml
uses-permission#android.permission.ACCESS_FINE_LOCATION
ADDED from [MonitorPlatform007:PlatformLibrary:unspecified] AndroidManifest.xml:11:5-79
	android:name
		ADDED from [MonitorPlatform007:PlatformLibrary:unspecified] AndroidManifest.xml:11:22-76
service#com.boha.monitor.library.services.GPSLocationService
ADDED from [MonitorPlatform007:PlatformLibrary:unspecified] AndroidManifest.xml:18:9-88
	android:name
		ADDED from [MonitorPlatform007:PlatformLibrary:unspecified] AndroidManifest.xml:18:18-85
service#com.boha.monitor.library.services.PhotoUploadService
ADDED from [MonitorPlatform007:PlatformLibrary:unspecified] AndroidManifest.xml:19:9-88
	android:name
		ADDED from [MonitorPlatform007:PlatformLibrary:unspecified] AndroidManifest.xml:19:18-85
service#com.boha.monitor.library.services.VideoUploadService
ADDED from [MonitorPlatform007:PlatformLibrary:unspecified] AndroidManifest.xml:20:9-88
	android:name
		ADDED from [MonitorPlatform007:PlatformLibrary:unspecified] AndroidManifest.xml:20:18-85
service#com.google.android.gms.analytics.CampaignTrackingService
ADDED from [MonitorPlatform007:PlatformLibrary:unspecified] AndroidManifest.xml:21:9-92
	android:name
		ADDED from [MonitorPlatform007:PlatformLibrary:unspecified] AndroidManifest.xml:21:18-89
service#com.google.android.gms.analytics.AnalyticsService
ADDED from [MonitorPlatform007:PlatformLibrary:unspecified] AndroidManifest.xml:22:9-25:40
	android:enabled
		ADDED from [MonitorPlatform007:PlatformLibrary:unspecified] AndroidManifest.xml:24:13-35
	android:exported
		ADDED from [MonitorPlatform007:PlatformLibrary:unspecified] AndroidManifest.xml:25:13-37
	android:name
		ADDED from [MonitorPlatform007:PlatformLibrary:unspecified] AndroidManifest.xml:23:13-77
receiver#com.boha.monitor.library.services.LocationTrackerReceiver
ADDED from [MonitorPlatform007:PlatformLibrary:unspecified] AndroidManifest.xml:28:9-94
	android:name
		ADDED from [MonitorPlatform007:PlatformLibrary:unspecified] AndroidManifest.xml:28:19-91
receiver#com.boha.monitor.library.services.RequestAlarmReceiver
ADDED from [MonitorPlatform007:PlatformLibrary:unspecified] AndroidManifest.xml:29:9-91
	android:name
		ADDED from [MonitorPlatform007:PlatformLibrary:unspecified] AndroidManifest.xml:29:19-88
receiver#com.boha.monitor.library.services.DataRefreshReceiver
ADDED from [MonitorPlatform007:PlatformLibrary:unspecified] AndroidManifest.xml:30:9-90
	android:name
		ADDED from [MonitorPlatform007:PlatformLibrary:unspecified] AndroidManifest.xml:30:19-87
receiver#com.boha.monitor.library.services.BootReceiver
ADDED from [MonitorPlatform007:PlatformLibrary:unspecified] AndroidManifest.xml:31:9-83
	android:name
		ADDED from [MonitorPlatform007:PlatformLibrary:unspecified] AndroidManifest.xml:31:19-80
receiver#com.google.android.gms.analytics.AnalyticsReceiver
ADDED from [MonitorPlatform007:PlatformLibrary:unspecified] AndroidManifest.xml:32:9-38:20
	android:enabled
		ADDED from [MonitorPlatform007:PlatformLibrary:unspecified] AndroidManifest.xml:34:13-35
	android:name
		ADDED from [MonitorPlatform007:PlatformLibrary:unspecified] AndroidManifest.xml:33:13-78
intent-filter#com.google.android.gms.analytics.ANALYTICS_DISPATCH
ADDED from [MonitorPlatform007:PlatformLibrary:unspecified] AndroidManifest.xml:35:13-37:29
action#com.google.android.gms.analytics.ANALYTICS_DISPATCH
ADDED from [MonitorPlatform007:PlatformLibrary:unspecified] AndroidManifest.xml:36:17-94
	android:name
		ADDED from [MonitorPlatform007:PlatformLibrary:unspecified] AndroidManifest.xml:36:25-91
receiver#com.google.android.gms.analytics.CampaignTrackingReceiver
ADDED from [MonitorPlatform007:PlatformLibrary:unspecified] AndroidManifest.xml:39:9-45:20
	android:exported
		ADDED from [MonitorPlatform007:PlatformLibrary:unspecified] AndroidManifest.xml:41:13-36
	android:name
		ADDED from [MonitorPlatform007:PlatformLibrary:unspecified] AndroidManifest.xml:40:13-85
intent-filter#com.android.vending.INSTALL_REFERRER
ADDED from [MonitorPlatform007:PlatformLibrary:unspecified] AndroidManifest.xml:42:13-44:29
action#com.android.vending.INSTALL_REFERRER
ADDED from [MonitorPlatform007:PlatformLibrary:unspecified] AndroidManifest.xml:43:17-79
	android:name
		ADDED from [MonitorPlatform007:PlatformLibrary:unspecified] AndroidManifest.xml:43:25-76
activity#com.boha.monitor.library.activities.SimpleMessagingActivity
ADDED from [MonitorPlatform007:PlatformLibrary:unspecified] AndroidManifest.xml:47:9-49:64
	android:label
		ADDED from [MonitorPlatform007:PlatformLibrary:unspecified] AndroidManifest.xml:49:13-61
	android:name
		ADDED from [MonitorPlatform007:PlatformLibrary:unspecified] AndroidManifest.xml:48:13-87
activity#com.boha.monitor.library.activities.PhotoScrollerActivity
ADDED from [MonitorPlatform007:PlatformLibrary:unspecified] AndroidManifest.xml:50:9-52:69
	android:label
		ADDED from [MonitorPlatform007:PlatformLibrary:unspecified] AndroidManifest.xml:52:13-66
	android:name
		ADDED from [MonitorPlatform007:PlatformLibrary:unspecified] AndroidManifest.xml:51:13-85
activity#com.boha.monitor.library.activities.DeviceListActivity
ADDED from [MonitorPlatform007:PlatformLibrary:unspecified] AndroidManifest.xml:53:9-55:71
	android:label
		ADDED from [MonitorPlatform007:PlatformLibrary:unspecified] AndroidManifest.xml:55:13-68
	android:name
		ADDED from [MonitorPlatform007:PlatformLibrary:unspecified] AndroidManifest.xml:54:13-82
service#com.boha.monitor.library.services.CachingService
ADDED from [MonitorPlatform007:PlatformLibrary:unspecified] AndroidManifest.xml:57:9-59:40
	android:exported
		ADDED from [MonitorPlatform007:PlatformLibrary:unspecified] AndroidManifest.xml:59:13-37
	android:name
		ADDED from [MonitorPlatform007:PlatformLibrary:unspecified] AndroidManifest.xml:58:13-76
activity#com.boha.monitor.library.activities.ProfileActivity
ADDED from [MonitorPlatform007:PlatformLibrary:unspecified] AndroidManifest.xml:61:9-63:63
	android:windowSoftInputMode
		ADDED from [MonitorPlatform007:PlatformLibrary:unspecified] AndroidManifest.xml:63:13-60
	android:name
		ADDED from [MonitorPlatform007:PlatformLibrary:unspecified] AndroidManifest.xml:62:13-79
activity#com.boha.monitor.library.activities.ProjectAssignmentActivity
ADDED from [MonitorPlatform007:PlatformLibrary:unspecified] AndroidManifest.xml:64:9-66:73
	android:label
		ADDED from [MonitorPlatform007:PlatformLibrary:unspecified] AndroidManifest.xml:66:13-70
	android:name
		ADDED from [MonitorPlatform007:PlatformLibrary:unspecified] AndroidManifest.xml:65:13-89
activity#com.boha.monitor.library.activities.HighDefActivity
ADDED from [MonitorPlatform007:PlatformLibrary:unspecified] AndroidManifest.xml:67:9-69:63
	android:label
		ADDED from [MonitorPlatform007:PlatformLibrary:unspecified] AndroidManifest.xml:69:13-60
	android:name
		ADDED from [MonitorPlatform007:PlatformLibrary:unspecified] AndroidManifest.xml:68:13-79
activity#com.boha.monitor.library.activities.ProjectSelectionActivity
ADDED from [MonitorPlatform007:PlatformLibrary:unspecified] AndroidManifest.xml:70:9-74:63
	android:screenOrientation
		ADDED from [MonitorPlatform007:PlatformLibrary:unspecified] AndroidManifest.xml:73:13-49
	android:label
		ADDED from [MonitorPlatform007:PlatformLibrary:unspecified] AndroidManifest.xml:72:13-69
	android:windowSoftInputMode
		ADDED from [MonitorPlatform007:PlatformLibrary:unspecified] AndroidManifest.xml:74:13-60
	android:name
		ADDED from [MonitorPlatform007:PlatformLibrary:unspecified] AndroidManifest.xml:71:13-88
service#com.boha.monitor.library.services.RequestIntentService
ADDED from [MonitorPlatform007:PlatformLibrary:unspecified] AndroidManifest.xml:76:9-78:40
	android:exported
		ADDED from [MonitorPlatform007:PlatformLibrary:unspecified] AndroidManifest.xml:78:13-37
	android:name
		ADDED from [MonitorPlatform007:PlatformLibrary:unspecified] AndroidManifest.xml:77:13-82
service#com.boha.monitor.library.services.DataRefreshService
ADDED from [MonitorPlatform007:PlatformLibrary:unspecified] AndroidManifest.xml:79:9-81:40
	android:exported
		ADDED from [MonitorPlatform007:PlatformLibrary:unspecified] AndroidManifest.xml:81:13-37
	android:name
		ADDED from [MonitorPlatform007:PlatformLibrary:unspecified] AndroidManifest.xml:80:13-80
activity#com.boha.monitor.library.activities.ProjectTaskActivity
ADDED from [MonitorPlatform007:PlatformLibrary:unspecified] AndroidManifest.xml:83:9-85:67
	android:label
		ADDED from [MonitorPlatform007:PlatformLibrary:unspecified] AndroidManifest.xml:85:13-64
	android:name
		ADDED from [MonitorPlatform007:PlatformLibrary:unspecified] AndroidManifest.xml:84:13-83
receiver#com.boha.monitor.library.services.PhotoUploadBroadcastReceiver
ADDED from [MonitorPlatform007:PlatformLibrary:unspecified] AndroidManifest.xml:87:9-90:39
	android:enabled
		ADDED from [MonitorPlatform007:PlatformLibrary:unspecified] AndroidManifest.xml:89:13-35
	android:exported
		ADDED from [MonitorPlatform007:PlatformLibrary:unspecified] AndroidManifest.xml:90:13-36
	android:name
		ADDED from [MonitorPlatform007:PlatformLibrary:unspecified] AndroidManifest.xml:88:13-90
uses-permission#android.permission.INTERNET
ADDED from [com.google.android.gms:play-services-analytics:8.4.0] AndroidManifest.xml:21:5-67
MERGED from [com.google.android.gms:play-services-gcm:8.4.0] AndroidManifest.xml:22:5-67
MERGED from [com.google.android.gms:play-services-measurement:8.4.0] AndroidManifest.xml:21:5-67
MERGED from [com.google.android.gms:play-services-maps:8.4.0] AndroidManifest.xml:21:5-66
MERGED from [com.google.android.gms:play-services-maps:8.4.0] AndroidManifest.xml:21:5-66
	android:name
		ADDED from [com.google.android.gms:play-services-analytics:8.4.0] AndroidManifest.xml:21:22-64
uses-permission#android.permission.ACCESS_NETWORK_STATE
ADDED from [com.google.android.gms:play-services-analytics:8.4.0] AndroidManifest.xml:22:5-79
MERGED from [com.google.android.gms:play-services-measurement:8.4.0] AndroidManifest.xml:22:5-79